<?xml version="1.0" encoding="UTF-8"?>
<testsuite xmlns:xsi="http://www.w3.org/2001/XMLSchema-instance" xsi:noNamespaceSchemaLocation="https://maven.apache.org/surefire/maven-surefire-plugin/xsd/surefire-test-report-3.0.xsd" version="3.0" name="tests.BookingTest" time="7.39" tests="6" errors="0" skipped="0" failures="0">
  <properties>
[...]
</properties>
  <testcase name="testCreateToken" classname="tests.BookingTest" time="2.475">
    <system-out><![CDATA[✅ Token gerado com sucesso:
]]></system-out>
  </testcase>
  <testcase name="testGetBookingIds" classname="tests.BookingTest" time="0.797">
    <system-out><![CDATA[Request method:	GET
Request URI:	https://restful-booker.herokuapp.com/booking
Proxy:			<none>
Request params:	<none>
Query params:	<none>
Form params:	<none>
Path params:	<none>
Headers:		Accept=*/*
Cookies:		<none>
Multiparts:		<none>
Body:			<none>
HTTP/1.1 200 OK
Content-Length: 1584
Content-Type: application/json; charset=utf-8
Date: Wed, 27 Aug 2025 01:41:09 GMT
Etag: W/"630-Z1n/eppxGi6LWpy23je1ZoAGvAQ"
Nel: {"report_to":"heroku-nel","response_headers":["Via"],"max_age":3600,"success_fraction":0.01,"failure_fraction":0.1}
Report-To: {"group":"heroku-nel","endpoints":[{"url":"https://nel.heroku.com/reports?s=j1mhuXYjPPqsKKOIuGUf5caVDB%2F6vBeRAKl3TQSXIM4%3D\u0026sid=c46efe9b-d3d2-4a0c-8c76-bfafa16c5add\u0026ts=1756258869"}],"max_age":3600}
Reporting-Endpoints: heroku-nel="https://nel.heroku.com/reports?s=j1mhuXYjPPqsKKOIuGUf5caVDB%2F6vBeRAKl3TQSXIM4%3D&sid=c46efe9b-d3d2-4a0c-8c76-bfafa16c5add&ts=1756258869"
Server: Heroku
Via: 1.1 heroku-router
X-Powered-By: Express

[
    {
        "bookingid": 53
    },
    {
        "bookingid": 56
    },
    {
        "bookingid": 26
    },
    {
        "bookingid": 70
    },
    {
        "bookingid": 16
    },
    {
        "bookingid": 4
    },
    {
        "bookingid": 19
    },
    {
        "bookingid": 25
    },
    {
        "bookingid": 48
    },
    {
        "bookingid": 79
    },
    {
        "bookingid": 13
    },
    {
        "bookingid": 61
    },
    {
        "bookingid": 8
    },
    {
        "bookingid": 113
    },
    {
        "bookingid": 69
    },
    {
        "bookingid": 103
    },
    {
        "bookingid": 22
    },
    {
        "bookingid": 38
    },
    {
        "bookingid": 66
    },
    {
        "bookingid": 23
    },
    {
        "bookingid": 109
    },
    {
        "bookingid": 90
    },
    {
        "bookingid": 85
    },
    {
        "bookingid": 51
    },
    {
        "bookingid": 2
    },
    {
        "bookingid": 52
    },
    {
        "bookingid": 27
    },
    {
        "bookingid": 91
    },
    {
        "bookingid": 65
    },
    {
        "bookingid": 75
    },
    {
        "bookingid": 40
    },
    {
        "bookingid": 81
    },
    {
        "bookingid": 3
    },
    {
        "bookingid": 92
    },
    {
        "bookingid": 47
    },
    {
        "bookingid": 80
    },
    {
        "bookingid": 49
    },
    {
        "bookingid": 5
    },
    {
        "bookingid": 1
    },
    {
        "bookingid": 54
    },
    {
        "bookingid": 76
    },
    {
        "bookingid": 94
    },
    {
        "bookingid": 59
    },
    {
        "bookingid": 64
    },
    {
        "bookingid": 30
    },
    {
        "bookingid": 15
    },
    {
        "bookingid": 28
    },
    {
        "bookingid": 73
    },
    {
        "bookingid": 24
    },
    {
        "bookingid": 10
    },
    {
        "bookingid": 97
    },
    {
        "bookingid": 7
    },
    {
        "bookingid": 62
    },
    {
        "bookingid": 29
    },
    {
        "bookingid": 42
    },
    {
        "bookingid": 87
    },
    {
        "bookingid": 114
    },
    {
        "bookingid": 95
    },
    {
        "bookingid": 104
    },
    {
        "bookingid": 18
    },
    {
        "bookingid": 111
    },
    {
        "bookingid": 45
    },
    {
        "bookingid": 50
    },
    {
        "bookingid": 99
    },
    {
        "bookingid": 9
    },
    {
        "bookingid": 58
    },
    {
        "bookingid": 63
    },
    {
        "bookingid": 88
    },
    {
        "bookingid": 37
    },
    {
        "bookingid": 39
    },
    {
        "bookingid": 6
    },
    {
        "bookingid": 43
    },
    {
        "bookingid": 108
    },
    {
        "bookingid": 112
    },
    {
        "bookingid": 32
    },
    {
        "bookingid": 21
    },
    {
        "bookingid": 31
    },
    {
        "bookingid": 100
    },
    {
        "bookingid": 84
    },
    {
        "bookingid": 20
    },
    {
        "bookingid": 44
    },
    {
        "bookingid": 11
    },
    {
        "bookingid": 106
    },
    {
        "bookingid": 33
    },
    {
        "bookingid": 14
    },
    {
        "bookingid": 78
    },
    {
        "bookingid": 41
    },
    {
        "bookingid": 96
    },
    {
        "bookingid": 107
    },
    {
        "bookingid": 57
    },
    {
        "bookingid": 35
    },
    {
        "bookingid": 12
    },
    {
        "bookingid": 72
    }
]
✅ Lista de bookings consultada com sucesso!
]]></system-out>
  </testcase>
  <testcase name="testCreateBookingFromJSON" classname="tests.BookingTest" time="0.76">
    <system-out><![CDATA[Request method:	POST
Request URI:	https://restful-booker.herokuapp.com/booking
Proxy:			<none>
Request params:	<none>
Query params:	<none>
Form params:	<none>
Path params:	<none>
Headers:		Cookie=token= 4b5d4138250b7b2
				Accept=*/*
				Content-Type=application/json
Cookies:		<none>
Multiparts:		<none>
Body:
{
    "firstname": "Josep",
    "lastname": "Silva",
    "totalprice": 123,
    "depositpaid": true,
    "bookingdates": {
        "checkin": "2025-08-23",
        "checkout": "2025-08-30"
    },
    "additionalneeds": "Breakfast"
}
HTTP/1.1 200 OK
Content-Length: 198
Content-Type: application/json; charset=utf-8
Date: Wed, 27 Aug 2025 01:41:10 GMT
Etag: W/"c6-fUEfYE9Pofc319Rc/arFvT4vYwQ"
Nel: {"report_to":"heroku-nel","response_headers":["Via"],"max_age":3600,"success_fraction":0.01,"failure_fraction":0.1}
Report-To: {"group":"heroku-nel","endpoints":[{"url":"https://nel.heroku.com/reports?s=mkEvW39ZgnQ1yDl6DHIRcEhfD21NWmmkvEVtiSty1Sc%3D\u0026sid=c46efe9b-d3d2-4a0c-8c76-bfafa16c5add\u0026ts=1756258870"}],"max_age":3600}
Reporting-Endpoints: heroku-nel="https://nel.heroku.com/reports?s=mkEvW39ZgnQ1yDl6DHIRcEhfD21NWmmkvEVtiSty1Sc%3D&sid=c46efe9b-d3d2-4a0c-8c76-bfafa16c5add&ts=1756258870"
Server: Heroku
Via: 1.1 heroku-router
X-Powered-By: Express

{
    "bookingid": 120,
    "booking": {
        "firstname": "Josep",
        "lastname": "Silva",
        "totalprice": 123,
        "depositpaid": true,
        "bookingdates": {
            "checkin": "2025-08-23",
            "checkout": "2025-08-30"
        },
        "additionalneeds": "Breakfast"
    }
}
✅ Booking criado com ID: 120 (token: 4b5d4138250b7b2)
]]></system-out>
  </testcase>
  <testcase name="testGetBooking" classname="tests.BookingTest" time="0.778">
    <system-out><![CDATA[Request method:	GET
Request URI:	https://restful-booker.herokuapp.com/booking/120
Proxy:			<none>
Request params:	<none>
Query params:	<none>
Form params:	<none>
Path params:	<none>
Headers:		Authorization=Bearer 4b5d4138250b7b2
				Accept=*/*
				Content-Type=application/json
Cookies:		<none>
Multiparts:		<none>
Body:			<none>
HTTP/1.1 200 OK
Content-Length: 170
Content-Type: application/json; charset=utf-8
Date: Wed, 27 Aug 2025 01:41:11 GMT
Etag: W/"aa-/Pbv0l5xWU4OhqYqrXqtPCz3ZoQ"
Nel: {"report_to":"heroku-nel","response_headers":["Via"],"max_age":3600,"success_fraction":0.01,"failure_fraction":0.1}
Report-To: {"group":"heroku-nel","endpoints":[{"url":"https://nel.heroku.com/reports?s=27bvCVO2dNX4qx8Wo38HRSIeasijGNO7lyHQD9LQqfU%3D\u0026sid=c46efe9b-d3d2-4a0c-8c76-bfafa16c5add\u0026ts=1756258871"}],"max_age":3600}
Reporting-Endpoints: heroku-nel="https://nel.heroku.com/reports?s=27bvCVO2dNX4qx8Wo38HRSIeasijGNO7lyHQD9LQqfU%3D&sid=c46efe9b-d3d2-4a0c-8c76-bfafa16c5add&ts=1756258871"
Server: Heroku
Via: 1.1 heroku-router
X-Powered-By: Express

{
    "firstname": "Josep",
    "lastname": "Silva",
    "totalprice": 123,
    "depositpaid": true,
    "bookingdates": {
        "checkin": "2025-08-23",
        "checkout": "2025-08-30"
    },
    "additionalneeds": "Breakfast"
}
✅ Booking consultado com sucesso!
]]></system-out>
  </testcase>
  <testcase name="testUpdateBookingFromJSON" classname="tests.BookingTest" time="0.786">
    <system-out><![CDATA[Request method:	PUT
Request URI:	https://restful-booker.herokuapp.com/booking/120
Proxy:			<none>
Request params:	<none>
Query params:	<none>
Form params:	<none>
Path params:	<none>
Headers:		Cookie=token= 4b5d4138250b7b2
				Accept=*/*
				Content-Type=application/json
Cookies:		<none>
Multiparts:		<none>
Body:
{
    "firstname": "Manoel",
    "lastname": "Souza",
    "totalprice": 200,
    "depositpaid": false,
    "bookingdates": {
        "checkin": "2025-08-23",
        "checkout": "2025-08-30"
    },
    "additionalneeds": "Dinner"
}
HTTP/1.1 200 OK
Content-Length: 169
Content-Type: application/json; charset=utf-8
Date: Wed, 27 Aug 2025 01:41:12 GMT
Etag: W/"a9-En225Qn749ME9c4qxUwtA4CkbW4"
Nel: {"report_to":"heroku-nel","response_headers":["Via"],"max_age":3600,"success_fraction":0.01,"failure_fraction":0.1}
Report-To: {"group":"heroku-nel","endpoints":[{"url":"https://nel.heroku.com/reports?s=wRJSWAwBpjCD14M9fGEK9L87oCQn9pm3sAKaStfIAK0%3D\u0026sid=c46efe9b-d3d2-4a0c-8c76-bfafa16c5add\u0026ts=1756258872"}],"max_age":3600}
Reporting-Endpoints: heroku-nel="https://nel.heroku.com/reports?s=wRJSWAwBpjCD14M9fGEK9L87oCQn9pm3sAKaStfIAK0%3D&sid=c46efe9b-d3d2-4a0c-8c76-bfafa16c5add&ts=1756258872"
Server: Heroku
Via: 1.1 heroku-router
X-Powered-By: Express

{
    "firstname": "Manoel",
    "lastname": "Souza",
    "totalprice": 200,
    "depositpaid": false,
    "bookingdates": {
        "checkin": "2025-08-23",
        "checkout": "2025-08-30"
    },
    "additionalneeds": "Dinner"
}
✅ Booking atualizado ID: 120 com os dados: {
  "firstname": "Manoel",
  "lastname": "Souza",
  "totalprice": 200,
  "depositpaid": false,
  "bookingdates": {
    "checkin": "2025-08-23",
    "checkout": "2025-08-30"
  },
  "additionalneeds": "Dinner"
}
]]></system-out>
  </testcase>
  <testcase name="testDeleteBooking" classname="tests.BookingTest" time="1.399">
    <system-out><![CDATA[Request method:	DELETE
Request URI:	https://restful-booker.herokuapp.com/booking/120
Proxy:			<none>
Request params:	<none>
Query params:	<none>
Form params:	<none>
Path params:	<none>
Headers:		Cookie=token= 4b5d4138250b7b2
				Accept=*/*
Cookies:		<none>
Multiparts:		<none>
Body:			<none>
HTTP/1.1 201 Created
Content-Length: 7
Content-Type: text/plain; charset=utf-8
Date: Wed, 27 Aug 2025 01:41:13 GMT
Etag: W/"7-rM9AyJuqT6iOan/xHh+AW+7K/T8"
Nel: {"report_to":"heroku-nel","response_headers":["Via"],"max_age":3600,"success_fraction":0.01,"failure_fraction":0.1}
Report-To: {"group":"heroku-nel","endpoints":[{"url":"https://nel.heroku.com/reports?s=Xy%2BRnKtyfYbceIf48aTNvuobfs96D%2FDKKfpdzO599j8%3D\u0026sid=c46efe9b-d3d2-4a0c-8c76-bfafa16c5add\u0026ts=1756258873"}],"max_age":3600}
Reporting-Endpoints: heroku-nel="https://nel.heroku.com/reports?s=Xy%2BRnKtyfYbceIf48aTNvuobfs96D%2FDKKfpdzO599j8%3D&sid=c46efe9b-d3d2-4a0c-8c76-bfafa16c5add&ts=1756258873"
Server: Heroku
Via: 1.1 heroku-router
X-Powered-By: Express

Created
Request method:	GET
Request URI:	https://restful-booker.herokuapp.com/booking/120
Proxy:			<none>
Request params:	<none>
Query params:	<none>
Form params:	<none>
Path params:	<none>
Headers:		Cookie=token= 4b5d4138250b7b2
				Accept=*/*
Cookies:		<none>
Multiparts:		<none>
Body:			<none>
HTTP/1.1 404 Not Found
Content-Length: 9
Content-Type: text/plain; charset=utf-8
Date: Wed, 27 Aug 2025 01:41:13 GMT
Etag: W/"9-0gXL1ngzMqISxa6S1zx3F4wtLyg"
Nel: {"report_to":"heroku-nel","response_headers":["Via"],"max_age":3600,"success_fraction":0.01,"failure_fraction":0.1}
Report-To: {"group":"heroku-nel","endpoints":[{"url":"https://nel.heroku.com/reports?s=Xy%2BRnKtyfYbceIf48aTNvuobfs96D%2FDKKfpdzO599j8%3D\u0026sid=c46efe9b-d3d2-4a0c-8c76-bfafa16c5add\u0026ts=1756258873"}],"max_age":3600}
Reporting-Endpoints: heroku-nel="https://nel.heroku.com/reports?s=Xy%2BRnKtyfYbceIf48aTNvuobfs96D%2FDKKfpdzO599j8%3D&sid=c46efe9b-d3d2-4a0c-8c76-bfafa16c5add&ts=1756258873"
Server: Heroku
Via: 1.1 heroku-router
X-Powered-By: Express

Not Found
✅ Booking deletado com sucesso! (ID: 120 | token: 4b5d4138250b7b2)
]]></system-out>
  </testcase>
</testsuite>